<?xml version="1.0" encoding="UTF-8"?>
<!-- Generated by org.testng.reporters.JUnitXMLReporter -->
<testsuite ignored="0" hostname="LAPTOP-8VMGLI38" failures="0" tests="10" name="Test" time="120.0" errors="0" timestamp="2021-11-25T22:00:04 IST">
  <testcase classname="Comp.Assesment.TestData" name="Hover" time="15.474"/>
  <testcase classname="Comp.Assesment.TestData" name="WishList" time="10.377"/>
  <testcase classname="Comp.Assesment.TestData" name="addGift" time="7.864"/>
  <testcase classname="Comp.Assesment.TestData" name="basepageNavigation" time="10.605"/>
  <testcase classname="Comp.Assesment.TestData" name="checkNavigation" time="5.583"/>
  <testcase classname="Comp.Assesment.TestData" name="contact" time="10.524"/>
  <testcase classname="Comp.Assesment.TestData" name="createAccount" time="12.518"/>
  <testcase classname="Comp.Assesment.TestData" name="search" time="11.282"/>
  <testcase classname="Comp.Assesment.TestData" name="sortBy" time="12.936"/>
  <testcase classname="Comp.Assesment.TestData" name="validateTitle" time="5.868"/>
</testsuite> <!-- Test -->
