<?xml version="1.0" encoding="UTF-8"?>
<!-- Generated by org.testng.reporters.JUnitXMLReporter -->
<testsuite ignored="9" hostname="LAPTOP-8VMGLI38" failures="0" tests="1" name="Default test" time="13.009" errors="0" timestamp="2021-11-23T18:02:22 IST">
  <testcase classname="Comp.Assesment.TestData" name="basepageNavigation" time="12.204"/>
  <testcase classname="Comp.Assesment.TestData" name="Hover" time="0.0">
    <ignored/>
  </testcase> <!-- Hover -->
  <testcase classname="Comp.Assesment.TestData" name="validateTitle" time="0.0">
    <ignored/>
  </testcase> <!-- validateTitle -->
  <testcase classname="Comp.Assesment.TestData" name="sortBy" time="0.0">
    <ignored/>
  </testcase> <!-- sortBy -->
  <testcase classname="Comp.Assesment.TestData" name="WishList" time="0.0">
    <ignored/>
  </testcase> <!-- WishList -->
  <testcase classname="Comp.Assesment.TestData" name="createAccount" time="0.0">
    <ignored/>
  </testcase> <!-- createAccount -->
  <testcase classname="Comp.Assesment.TestData" name="contact" time="0.0">
    <ignored/>
  </testcase> <!-- contact -->
  <testcase classname="Comp.Assesment.TestData" name="search" time="0.0">
    <ignored/>
  </testcase> <!-- search -->
  <testcase classname="Comp.Assesment.TestData" name="addGift" time="0.0">
    <ignored/>
  </testcase> <!-- addGift -->
  <testcase classname="Comp.Assesment.TestData" name="checkNavigation" time="0.0">
    <ignored/>
  </testcase> <!-- checkNavigation -->
</testsuite> <!-- Default test -->
